0 verbose cli C:\Program Files\nodejs\node.exe C:\Users\HK\AppData\Roaming\npm\node_modules\npm\bin\npm-cli.js
1 info using npm@11.6.0
2 info using node@v22.17.0
3 silly config load:file:C:\Users\HK\AppData\Roaming\npm\node_modules\npm\npmrc
4 silly config load:file:D:\XJTU\ImportantFile\auto-design-alloy\inversedesign\.npmrc
5 silly config load:file:C:\Users\HK\.npmrc
6 silly config load:file:C:\Users\HK\AppData\Roaming\npm\etc\npmrc
7 verbose title npm exec skills find documentation
8 verbose argv "exec" "--yes" "--" "skills" "find" "documentation"
9 verbose logfile logs-max:10 dir:D:\XJTU\ImportantFile\auto-design-alloy\inversedesign\.npm-cache\_logs\2026-03-05T09_36_13_499Z-
10 verbose logfile D:\XJTU\ImportantFile\auto-design-alloy\inversedesign\.npm-cache\_logs\2026-03-05T09_36_13_499Z-debug-0.log
11 silly logfile start cleaning logs, removing 3 files
12 silly packumentCache heap:4345298944 maxSize:1086324736 maxEntrySize:543162368
13 silly logfile done cleaning log files
14 http fetch GET 200 https://registry.npmjs.org/skills 546ms (cache revalidated)
15 silly packumentCache heap:4345298944 maxSize:1086324736 maxEntrySize:543162368
16 silly packumentCache heap:4345298944 maxSize:1086324736 maxEntrySize:543162368
17 verbose cwd D:\XJTU\ImportantFile\auto-design-alloy\inversedesign
18 verbose os Windows_NT 10.0.26200
19 verbose node v22.17.0
20 verbose npm  v11.6.0
21 verbose exit 0
22 info ok
