0 verbose cli C:\Program Files\nodejs\node.exe C:\Users\HK\AppData\Roaming\npm\node_modules\npm\bin\npm-cli.js
1 info using npm@11.6.0
2 info using node@v22.17.0
3 silly config load:file:C:\Users\HK\AppData\Roaming\npm\node_modules\npm\npmrc
4 silly config load:file:D:\XJTU\ImportantFile\auto-design-alloy\inversedesign\.npmrc
5 silly config load:file:C:\Users\HK\.npmrc
6 silly config load:file:C:\Users\HK\AppData\Roaming\npm\etc\npmrc
7 verbose title npm exec skills find jinja frontend
8 verbose argv "exec" "--yes" "--" "skills" "find" "jinja frontend"
9 verbose logfile logs-max:10 dir:D:\XJTU\ImportantFile\auto-design-alloy\inversedesign\.npm-cache\_logs\2026-03-05T09_32_45_412Z-
10 verbose logfile D:\XJTU\ImportantFile\auto-design-alloy\inversedesign\.npm-cache\_logs\2026-03-05T09_32_45_412Z-debug-0.log
11 silly logfile done cleaning log files
12 silly packumentCache heap:4345298944 maxSize:1086324736 maxEntrySize:543162368
13 http fetch GET 200 https://registry.npmjs.org/skills 1229ms (cache revalidated)
14 silly packumentCache heap:4345298944 maxSize:1086324736 maxEntrySize:543162368
15 silly packumentCache heap:4345298944 maxSize:1086324736 maxEntrySize:543162368
16 verbose cwd D:\XJTU\ImportantFile\auto-design-alloy\inversedesign
17 verbose os Windows_NT 10.0.26200
18 verbose node v22.17.0
19 verbose npm  v11.6.0
20 verbose exit 0
21 info ok
